[2025-03-19 12:28:23.181] [info] Using configuration file /home/azubirif/.config/waybar/config
[2025-03-19 12:28:23.184] [info] Unable to receive desktop appearance: GDBus.Error:org.freedesktop.DBus.Error.UnknownMethod: No existe la interfaz «org.freedesktop.portal.Settings» en el objeto en la ruta /org/freedesktop/portal/desktop
[2025-03-19 12:28:23.184] [info] Using CSS file /home/azubirif/.config/waybar/style.css

(waybar:26513): Gtk-WARNING **: 12:28:23.184: Theme parsing error: style.css:12:13: Not using units is deprecated. Assuming 'px'.

(waybar:26513): Gtk-WARNING **: 12:28:23.184: Theme parsing error: style.css:12:17: Not using units is deprecated. Assuming 'px'.

(waybar:26513): Gtk-WARNING **: 12:28:23.184: Theme parsing error: style.css:12:20: Not using units is deprecated. Assuming 'px'.

(waybar:26513): Gtk-WARNING **: 12:28:23.184: Theme parsing error: style.css:19:13: Not using units is deprecated. Assuming 'px'.

(waybar:26513): Gtk-WARNING **: 12:28:23.184: Theme parsing error: style.css:19:17: Not using units is deprecated. Assuming 'px'.

(waybar:26513): Gtk-WARNING **: 12:28:23.184: Theme parsing error: style.css:26:14: Not using units is deprecated. Assuming 'px'.

(waybar:26513): Gtk-WARNING **: 12:28:23.184: Theme parsing error: style.css:26:17: Not using units is deprecated. Assuming 'px'.

(waybar:26513): Gtk-WARNING **: 12:28:23.184: Theme parsing error: style.css:26:19: Not using units is deprecated. Assuming 'px'.
[2025-03-19 12:28:23.200] [info] Hyprland IPC starting
[2025-03-19 12:28:23.200] [info] Loading persistent workspaces from Waybar config
[2025-03-19 12:28:23.201] [info] Loading persistent workspaces from Hyprland workspace rules
sh: línea 1: /home/azubirif/.config/waybar/scripts/colorpicker.sh: Permiso denegado
sh: línea 1: checkupdates: orden no encontrada
[2025-03-19 12:28:23.454] [info] Bar configured (width: 1920, height: 47) for output: eDP-1

** (waybar:26513): WARNING **: 12:28:23.461: Status Notifier Item with bus name ':1.14' and object path '/org/ayatana/NotificationItem/nm_applet' is already registered

** (waybar:26513): WARNING **: 12:28:25.207: Status Notifier Item with bus name ':1.14' and object path '/org/ayatana/NotificationItem/nm_applet' is already registered
sh: línea 1: checkupdates: orden no encontrada
sh: línea 1: swaync-client: orden no encontrada
sh: línea 1: checkupdates: orden no encontrada
sh: línea 1: checkupdates: orden no encontrada
sh: línea 1: checkupdates: orden no encontrada
sh: línea 1: checkupdates: orden no encontrada
sh: línea 1: checkupdates: orden no encontrada
sh: línea 1: checkupdates: orden no encontrada
sh: línea 1: checkupdates: orden no encontrada
sh: línea 1: checkupdates: orden no encontrada
sh: línea 1: checkupdates: orden no encontrada
sh: línea 1: checkupdates: orden no encontrada
sh: línea 1: checkupdates: orden no encontrada
sh: línea 1: swaync-client: orden no encontrada
sh: línea 1: checkupdates: orden no encontrada
sh: línea 1: checkupdates: orden no encontrada
sh: línea 1: checkupdates: orden no encontrada

** (waybar:26513): WARNING **: 12:36:16.985: Status Notifier Item with bus name ':1.14' and object path '/org/ayatana/NotificationItem/nm_applet' is already registered

** (waybar:26513): WARNING **: 12:36:16.987: Status Notifier Host with bus name ':1.78' and object path '/StatusNotifierHost/0' is already registered

** (waybar:26513): WARNING **: 12:36:18.125: Status Notifier Item with bus name ':1.14' and object path '/org/ayatana/NotificationItem/nm_applet' is already registered
sh: línea 1: checkupdates: orden no encontrada

** (waybar:26513): WARNING **: 12:36:50.651: Status Notifier Item with bus name ':1.14' and object path '/org/ayatana/NotificationItem/nm_applet' is already registered

** (waybar:26513): WARNING **: 12:36:50.651: Status Notifier Host with bus name ':1.78' and object path '/StatusNotifierHost/0' is already registered

** (waybar:26513): WARNING **: 12:36:52.114: Status Notifier Item with bus name ':1.14' and object path '/org/ayatana/NotificationItem/nm_applet' is already registered
sh: línea 1: checkupdates: orden no encontrada
sh: línea 1: checkupdates: orden no encontrada
sh: línea 1: checkupdates: orden no encontrada
[2025-03-19 12:38:13.329] [info] Reloading...
[2025-03-19 12:38:13.340] [info] Using configuration file /home/azubirif/.config/waybar/config
[2025-03-19 12:38:13.342] [info] Using CSS file /home/azubirif/.config/waybar/style.css

(waybar:26513): Gtk-WARNING **: 12:38:13.342: Theme parsing error: style.css:12:13: Not using units is deprecated. Assuming 'px'.

(waybar:26513): Gtk-WARNING **: 12:38:13.342: Theme parsing error: style.css:12:17: Not using units is deprecated. Assuming 'px'.

(waybar:26513): Gtk-WARNING **: 12:38:13.342: Theme parsing error: style.css:12:20: Not using units is deprecated. Assuming 'px'.

(waybar:26513): Gtk-WARNING **: 12:38:13.342: Theme parsing error: style.css:19:13: Not using units is deprecated. Assuming 'px'.

(waybar:26513): Gtk-WARNING **: 12:38:13.342: Theme parsing error: style.css:19:17: Not using units is deprecated. Assuming 'px'.

(waybar:26513): Gtk-WARNING **: 12:38:13.342: Theme parsing error: style.css:26:14: Not using units is deprecated. Assuming 'px'.

(waybar:26513): Gtk-WARNING **: 12:38:13.342: Theme parsing error: style.css:26:17: Not using units is deprecated. Assuming 'px'.

(waybar:26513): Gtk-WARNING **: 12:38:13.342: Theme parsing error: style.css:26:19: Not using units is deprecated. Assuming 'px'.
[2025-03-19 12:38:13.363] [info] Loading persistent workspaces from Waybar config
[2025-03-19 12:38:13.364] [info] Loading persistent workspaces from Hyprland workspace rules
sh: línea 1: checkupdates: orden no encontrada
sh: línea 1: /home/azubirif/.config/waybar/scripts/colorpicker.sh: Permiso denegado
[2025-03-19 12:38:13.613] [info] Bar configured (width: 1920, height: 47) for output: eDP-1

** (waybar:26513): WARNING **: 12:38:13.617: Status Notifier Item with bus name ':1.14' and object path '/org/ayatana/NotificationItem/nm_applet' is already registered

** (waybar:26513): WARNING **: 12:38:15.126: Status Notifier Item with bus name ':1.14' and object path '/org/ayatana/NotificationItem/nm_applet' is already registered
sh: línea 1: checkupdates: orden no encontrada

** (waybar:26513): WARNING **: 12:39:01.218: Status Notifier Item with bus name ':1.14' and object path '/org/ayatana/NotificationItem/nm_applet' is already registered

** (waybar:26513): WARNING **: 12:39:01.218: Status Notifier Host with bus name ':1.78' and object path '/StatusNotifierHost/1' is already registered

** (waybar:26513): WARNING **: 12:39:03.114: Status Notifier Item with bus name ':1.14' and object path '/org/ayatana/NotificationItem/nm_applet' is already registered
sh: línea 1: checkupdates: orden no encontrada
sh: línea 1: checkupdates: orden no encontrada
sh: línea 1: checkupdates: orden no encontrada
sh: línea 1: checkupdates: orden no encontrada
GDBus.Error:org.freedesktop.DBus.Error.ServiceUnknown: The name is not activatable
sh: línea 1: checkupdates: orden no encontrada
[0.085] Could not find included config file: /home/azubirif/.config/kitty/./catppucchin.conf, ignoring
[0,234] [glfw error 65544]: process_desktop_settings: failed with error: [org.freedesktop.DBus.Error.UnknownMethod] No existe la interfaz «org.freedesktop.portal.Settings» en el objeto en la ruta /org/freedesktop/portal/desktop
sh: línea 1: checkupdates: orden no encontrada
sh: línea 1: checkupdates: orden no encontrada
sh: línea 1: checkupdates: orden no encontrada
sh: línea 1: checkupdates: orden no encontrada
Gdk-Message: 12:43:03.212: Error reading events from display: Conexión reinicializada por la máquina remota
